"2020-04-09 15-45-11 {restartedMain} %PARSER_ERROR[Level] com.example.demo.DemoApplication - Starting DemoApplication on DESKTOP-0SKG4BP with PID 11400 (C:\Users\EBRU\Desktop\restservicewithlog\target\classes started by EBRU in C:\Users\EBRU\Desktop\restservicewithlog)
""2020-04-09 15-45-11 {restartedMain} %PARSER_ERROR[Level] com.example.demo.DemoApplication - No active profile set, falling back to default profiles: default
""2020-04-09 15-45-11 {restartedMain} %PARSER_ERROR[Level] o.s.b.d.restart.ChangeableUrls - The Class-Path manifest attribute in C:\Users\EBRU\.m2\repository\org\glassfish\jaxb\jaxb-runtime\2.3.2\jaxb-runtime-2.3.2.jar referenced one or more files that do not exist: file:/C:/Users/EBRU/.m2/repository/org/glassfish/jaxb/jaxb-runtime/2.3.2/jakarta.xml.bind-api-2.3.2.jar,file:/C:/Users/EBRU/.m2/repository/org/glassfish/jaxb/jaxb-runtime/2.3.2/txw2-2.3.2.jar,file:/C:/Users/EBRU/.m2/repository/org/glassfish/jaxb/jaxb-runtime/2.3.2/istack-commons-runtime-3.0.8.jar,file:/C:/Users/EBRU/.m2/repository/org/glassfish/jaxb/jaxb-runtime/2.3.2/stax-ex-1.8.1.jar,file:/C:/Users/EBRU/.m2/repository/org/glassfish/jaxb/jaxb-runtime/2.3.2/FastInfoset-1.2.16.jar,file:/C:/Users/EBRU/.m2/repository/org/glassfish/jaxb/jaxb-runtime/2.3.2/jakarta.activation-api-1.2.1.jar
""2020-04-09 15-45-11 {restartedMain} %PARSER_ERROR[Level] o.s.b.d.e.DevToolsPropertyDefaultsPostProcessor - Devtools property defaults active! Set 'spring.devtools.add-properties' to 'false' to disable
""2020-04-09 15-45-11 {restartedMain} %PARSER_ERROR[Level] o.s.b.d.e.DevToolsPropertyDefaultsPostProcessor - For additional web related logging consider setting the 'logging.level.web' property to 'DEBUG'
""2020-04-09 15-45-14 {restartedMain} %PARSER_ERROR[Level] o.s.d.r.c.RepositoryConfigurationDelegate - Bootstrapping Spring Data JPA repositories in DEFAULT mode.
""2020-04-09 15-45-14 {restartedMain} %PARSER_ERROR[Level] o.s.d.r.c.RepositoryConfigurationDelegate - Finished Spring Data repository scanning in 102ms. Found 1 JPA repository interfaces.
""2020-04-09 15-45-16 {restartedMain} %PARSER_ERROR[Level] o.s.b.w.e.tomcat.TomcatWebServer - Tomcat initialized with port(s): 8080 (http)
""2020-04-09 15-45-16 {restartedMain} %PARSER_ERROR[Level] o.a.catalina.core.StandardService - Starting service [Tomcat]
""2020-04-09 15-45-16 {restartedMain} %PARSER_ERROR[Level] o.a.catalina.core.StandardEngine - Starting Servlet engine: [Apache Tomcat/9.0.33]
""2020-04-09 15-45-16 {restartedMain} %PARSER_ERROR[Level] o.a.c.c.C.[Tomcat].[localhost].[/] - Initializing Spring embedded WebApplicationContext
""2020-04-09 15-45-17 {restartedMain} %PARSER_ERROR[Level] o.h.jpa.internal.util.LogHelper - HHH000204: Processing PersistenceUnitInfo [name: default]
""2020-04-09 15-45-17 {restartedMain} %PARSER_ERROR[Level] org.hibernate.Version - HHH000412: Hibernate ORM core version 5.4.12.Final
""2020-04-09 15-45-18 {restartedMain} %PARSER_ERROR[Level] o.h.annotations.common.Version - HCANN000001: Hibernate Commons Annotations {5.1.0.Final}
""2020-04-09 15-45-18 {restartedMain} %PARSER_ERROR[Level] com.zaxxer.hikari.HikariDataSource - HikariPool-1 - Starting...
""2020-04-09 15-45-22 {restartedMain} %PARSER_ERROR[Level] com.zaxxer.hikari.HikariDataSource - HikariPool-1 - Start completed.
""2020-04-09 15-45-22 {restartedMain} %PARSER_ERROR[Level] org.hibernate.dialect.Dialect - HHH000400: Using dialect: org.hibernate.dialect.MySQL8Dialect
""2020-04-09 15-45-29 {restartedMain} %PARSER_ERROR[Level] o.h.e.t.j.p.i.JtaPlatformInitiator - HHH000490: Using JtaPlatform implementation: [org.hibernate.engine.transaction.jta.platform.internal.NoJtaPlatform]
""2020-04-09 15-45-29 {restartedMain} %PARSER_ERROR[Level] o.s.o.j.LocalContainerEntityManagerFactoryBean - Initialized JPA EntityManagerFactory for persistence unit 'default'
""2020-04-09 15-45-30 {restartedMain} %PARSER_ERROR[Level] o.s.b.d.a.OptionalLiveReloadServer - LiveReload server is running on port 35729
""2020-04-09 15-45-30 {restartedMain} %PARSER_ERROR[Level] o.s.b.a.o.j.JpaBaseConfiguration$JpaWebConfiguration - spring.jpa.open-in-view is enabled by default. Therefore, database queries may be performed during view rendering. Explicitly configure spring.jpa.open-in-view to disable this warning
""2020-04-09 15-45-31 {restartedMain} %PARSER_ERROR[Level] o.s.b.a.e.web.EndpointLinksResolver - Exposing 2 endpoint(s) beneath base path '/actuator'
""2020-04-09 15-45-31 {restartedMain} %PARSER_ERROR[Level] o.s.s.c.ThreadPoolTaskExecutor - Initializing ExecutorService 'applicationTaskExecutor'
""2020-04-09 15-45-32 {restartedMain} %PARSER_ERROR[Level] s.d.s.w.p.DocumentationPluginsBootstrapper - Context refreshed
""2020-04-09 15-45-32 {restartedMain} %PARSER_ERROR[Level] s.d.s.w.p.DocumentationPluginsBootstrapper - Found 1 custom documentation plugin(s)
""2020-04-09 15-45-32 {restartedMain} %PARSER_ERROR[Level] s.d.s.w.s.ApiListingReferenceScanner - Scanning for api listing references
""2020-04-09 15-45-33 {restartedMain} %PARSER_ERROR[Level] o.s.b.w.e.tomcat.TomcatWebServer - Tomcat started on port(s): 8080 (http) with context path ''
""2020-04-09 15-45-33 {restartedMain} %PARSER_ERROR[Level] com.example.demo.DemoApplication - Started DemoApplication in 23.299 seconds (JVM running for 26.927)
""2020-04-09 15-45-35 {RMI TCP Connection(3)-192.168.1.39} %PARSER_ERROR[Level] o.a.c.c.C.[Tomcat].[localhost].[/] - Initializing Spring DispatcherServlet 'dispatcherServlet'
""2020-04-09 15-50-54 {restartedMain} %PARSER_ERROR[Level] com.example.demo.DemoApplication - Starting DemoApplication on DESKTOP-0SKG4BP with PID 11540 (C:\Users\EBRU\Desktop\restservicewithlog\target\classes started by EBRU in C:\Users\EBRU\Desktop\restservicewithlog)
""2020-04-09 15-50-54 {restartedMain} %PARSER_ERROR[Level] com.example.demo.DemoApplication - No active profile set, falling back to default profiles: default
""2020-04-09 15-50-54 {restartedMain} %PARSER_ERROR[Level] o.s.b.d.restart.ChangeableUrls - The Class-Path manifest attribute in C:\Users\EBRU\.m2\repository\org\glassfish\jaxb\jaxb-runtime\2.3.2\jaxb-runtime-2.3.2.jar referenced one or more files that do not exist: file:/C:/Users/EBRU/.m2/repository/org/glassfish/jaxb/jaxb-runtime/2.3.2/jakarta.xml.bind-api-2.3.2.jar,file:/C:/Users/EBRU/.m2/repository/org/glassfish/jaxb/jaxb-runtime/2.3.2/txw2-2.3.2.jar,file:/C:/Users/EBRU/.m2/repository/org/glassfish/jaxb/jaxb-runtime/2.3.2/istack-commons-runtime-3.0.8.jar,file:/C:/Users/EBRU/.m2/repository/org/glassfish/jaxb/jaxb-runtime/2.3.2/stax-ex-1.8.1.jar,file:/C:/Users/EBRU/.m2/repository/org/glassfish/jaxb/jaxb-runtime/2.3.2/FastInfoset-1.2.16.jar,file:/C:/Users/EBRU/.m2/repository/org/glassfish/jaxb/jaxb-runtime/2.3.2/jakarta.activation-api-1.2.1.jar
""2020-04-09 15-50-54 {restartedMain} %PARSER_ERROR[Level] o.s.b.d.e.DevToolsPropertyDefaultsPostProcessor - Devtools property defaults active! Set 'spring.devtools.add-properties' to 'false' to disable
""2020-04-09 15-50-54 {restartedMain} %PARSER_ERROR[Level] o.s.b.d.e.DevToolsPropertyDefaultsPostProcessor - For additional web related logging consider setting the 'logging.level.web' property to 'DEBUG'
""2020-04-09 15-50-56 {restartedMain} %PARSER_ERROR[Level] o.s.d.r.c.RepositoryConfigurationDelegate - Bootstrapping Spring Data JPA repositories in DEFAULT mode.
""2020-04-09 15-50-56 {restartedMain} %PARSER_ERROR[Level] o.s.d.r.c.RepositoryConfigurationDelegate - Finished Spring Data repository scanning in 55ms. Found 1 JPA repository interfaces.
""2020-04-09 15-50-56 {restartedMain} %PARSER_ERROR[Level] o.s.b.w.e.tomcat.TomcatWebServer - Tomcat initialized with port(s): 8080 (http)
""2020-04-09 15-50-56 {restartedMain} %PARSER_ERROR[Level] o.a.catalina.core.StandardService - Starting service [Tomcat]
""2020-04-09 15-50-56 {restartedMain} %PARSER_ERROR[Level] o.a.catalina.core.StandardEngine - Starting Servlet engine: [Apache Tomcat/9.0.33]
""2020-04-09 15-50-57 {restartedMain} %PARSER_ERROR[Level] o.a.c.c.C.[Tomcat].[localhost].[/] - Initializing Spring embedded WebApplicationContext
""2020-04-09 15-50-57 {restartedMain} %PARSER_ERROR[Level] o.h.jpa.internal.util.LogHelper - HHH000204: Processing PersistenceUnitInfo [name: default]
""2020-04-09 15-50-57 {restartedMain} %PARSER_ERROR[Level] org.hibernate.Version - HHH000412: Hibernate ORM core version 5.4.12.Final
""2020-04-09 15-50-57 {restartedMain} %PARSER_ERROR[Level] o.h.annotations.common.Version - HCANN000001: Hibernate Commons Annotations {5.1.0.Final}
""2020-04-09 15-50-57 {restartedMain} %PARSER_ERROR[Level] com.zaxxer.hikari.HikariDataSource - HikariPool-1 - Starting...
""2020-04-09 15-50-58 {restartedMain} %PARSER_ERROR[Level] com.zaxxer.hikari.HikariDataSource - HikariPool-1 - Start completed.
""2020-04-09 15-50-58 {restartedMain} %PARSER_ERROR[Level] org.hibernate.dialect.Dialect - HHH000400: Using dialect: org.hibernate.dialect.MySQL8Dialect
""2020-04-09 15-50-59 {restartedMain} %PARSER_ERROR[Level] o.h.e.t.j.p.i.JtaPlatformInitiator - HHH000490: Using JtaPlatform implementation: [org.hibernate.engine.transaction.jta.platform.internal.NoJtaPlatform]
""2020-04-09 15-50-59 {restartedMain} %PARSER_ERROR[Level] o.s.o.j.LocalContainerEntityManagerFactoryBean - Initialized JPA EntityManagerFactory for persistence unit 'default'
""2020-04-09 15-50-59 {restartedMain} %PARSER_ERROR[Level] o.s.b.d.a.OptionalLiveReloadServer - LiveReload server is running on port 35729
""2020-04-09 15-51-00 {restartedMain} %PARSER_ERROR[Level] o.s.b.a.o.j.JpaBaseConfiguration$JpaWebConfiguration - spring.jpa.open-in-view is enabled by default. Therefore, database queries may be performed during view rendering. Explicitly configure spring.jpa.open-in-view to disable this warning
""2020-04-09 15-51-00 {restartedMain} %PARSER_ERROR[Level] o.s.b.a.e.web.EndpointLinksResolver - Exposing 2 endpoint(s) beneath base path '/actuator'
""2020-04-09 15-51-00 {restartedMain} %PARSER_ERROR[Level] o.s.s.c.ThreadPoolTaskExecutor - Initializing ExecutorService 'applicationTaskExecutor'
""2020-04-09 15-51-01 {restartedMain} %PARSER_ERROR[Level] s.d.s.w.p.DocumentationPluginsBootstrapper - Context refreshed
""2020-04-09 15-51-01 {restartedMain} %PARSER_ERROR[Level] s.d.s.w.p.DocumentationPluginsBootstrapper - Found 1 custom documentation plugin(s)
""2020-04-09 15-51-01 {restartedMain} %PARSER_ERROR[Level] s.d.s.w.s.ApiListingReferenceScanner - Scanning for api listing references
""2020-04-09 15-51-02 {restartedMain} %PARSER_ERROR[Level] o.s.b.w.e.tomcat.TomcatWebServer - Tomcat started on port(s): 8080 (http) with context path ''
""2020-04-09 15-51-02 {restartedMain} %PARSER_ERROR[Level] com.example.demo.DemoApplication - Started DemoApplication in 8.49 seconds (JVM running for 10.71)
""2020-04-09 15-51-03 {RMI TCP Connection(3)-192.168.1.39} %PARSER_ERROR[Level] o.a.c.c.C.[Tomcat].[localhost].[/] - Initializing Spring DispatcherServlet 'dispatcherServlet'
""2020-04-09 16-26-21 {restartedMain} %PARSER_ERROR[Level] com.example.demo.DemoApplication - Starting DemoApplication on DESKTOP-0SKG4BP with PID 5524 (C:\Users\EBRU\Desktop\restservicewithlog\target\classes started by EBRU in C:\Users\EBRU\Desktop\restservicewithlog)
""2020-04-09 16-26-21 {restartedMain} %PARSER_ERROR[Level] com.example.demo.DemoApplication - No active profile set, falling back to default profiles: default
""2020-04-09 16-26-21 {restartedMain} %PARSER_ERROR[Level] o.s.b.d.restart.ChangeableUrls - The Class-Path manifest attribute in C:\Users\EBRU\.m2\repository\org\glassfish\jaxb\jaxb-runtime\2.3.2\jaxb-runtime-2.3.2.jar referenced one or more files that do not exist: file:/C:/Users/EBRU/.m2/repository/org/glassfish/jaxb/jaxb-runtime/2.3.2/jakarta.xml.bind-api-2.3.2.jar,file:/C:/Users/EBRU/.m2/repository/org/glassfish/jaxb/jaxb-runtime/2.3.2/txw2-2.3.2.jar,file:/C:/Users/EBRU/.m2/repository/org/glassfish/jaxb/jaxb-runtime/2.3.2/istack-commons-runtime-3.0.8.jar,file:/C:/Users/EBRU/.m2/repository/org/glassfish/jaxb/jaxb-runtime/2.3.2/stax-ex-1.8.1.jar,file:/C:/Users/EBRU/.m2/repository/org/glassfish/jaxb/jaxb-runtime/2.3.2/FastInfoset-1.2.16.jar,file:/C:/Users/EBRU/.m2/repository/org/glassfish/jaxb/jaxb-runtime/2.3.2/jakarta.activation-api-1.2.1.jar
""2020-04-09 16-26-21 {restartedMain} %PARSER_ERROR[Level] o.s.b.d.e.DevToolsPropertyDefaultsPostProcessor - Devtools property defaults active! Set 'spring.devtools.add-properties' to 'false' to disable
""2020-04-09 16-26-21 {restartedMain} %PARSER_ERROR[Level] o.s.b.d.e.DevToolsPropertyDefaultsPostProcessor - For additional web related logging consider setting the 'logging.level.web' property to 'DEBUG'
""2020-04-09 16-26-24 {restartedMain} %PARSER_ERROR[Level] o.s.d.r.c.RepositoryConfigurationDelegate - Bootstrapping Spring Data JPA repositories in DEFAULT mode.
""2020-04-09 16-26-24 {restartedMain} %PARSER_ERROR[Level] o.s.d.r.c.RepositoryConfigurationDelegate - Finished Spring Data repository scanning in 61ms. Found 1 JPA repository interfaces.
""2020-04-09 16-26-24 {restartedMain} %PARSER_ERROR[Level] o.s.b.w.e.tomcat.TomcatWebServer - Tomcat initialized with port(s): 8080 (http)
""2020-04-09 16-26-24 {restartedMain} %PARSER_ERROR[Level] o.a.catalina.core.StandardService - Starting service [Tomcat]
""2020-04-09 16-26-24 {restartedMain} %PARSER_ERROR[Level] o.a.catalina.core.StandardEngine - Starting Servlet engine: [Apache Tomcat/9.0.33]
""2020-04-09 16-26-25 {restartedMain} %PARSER_ERROR[Level] o.a.c.c.C.[Tomcat].[localhost].[/] - Initializing Spring embedded WebApplicationContext
""2020-04-09 16-26-25 {restartedMain} %PARSER_ERROR[Level] o.h.jpa.internal.util.LogHelper - HHH000204: Processing PersistenceUnitInfo [name: default]
""2020-04-09 16-26-25 {restartedMain} %PARSER_ERROR[Level] org.hibernate.Version - HHH000412: Hibernate ORM core version 5.4.12.Final
""2020-04-09 16-26-25 {restartedMain} %PARSER_ERROR[Level] o.h.annotations.common.Version - HCANN000001: Hibernate Commons Annotations {5.1.0.Final}
""2020-04-09 16-26-25 {restartedMain} %PARSER_ERROR[Level] com.zaxxer.hikari.HikariDataSource - HikariPool-1 - Starting...
""2020-04-09 16-26-26 {restartedMain} %PARSER_ERROR[Level] com.zaxxer.hikari.HikariDataSource - HikariPool-1 - Start completed.
""2020-04-09 16-26-26 {restartedMain} %PARSER_ERROR[Level] org.hibernate.dialect.Dialect - HHH000400: Using dialect: org.hibernate.dialect.MySQL8Dialect
""2020-04-09 16-26-27 {restartedMain} %PARSER_ERROR[Level] o.h.e.t.j.p.i.JtaPlatformInitiator - HHH000490: Using JtaPlatform implementation: [org.hibernate.engine.transaction.jta.platform.internal.NoJtaPlatform]
""2020-04-09 16-26-27 {restartedMain} %PARSER_ERROR[Level] o.s.o.j.LocalContainerEntityManagerFactoryBean - Initialized JPA EntityManagerFactory for persistence unit 'default'
""2020-04-09 16-26-27 {restartedMain} %PARSER_ERROR[Level] o.s.b.d.a.OptionalLiveReloadServer - LiveReload server is running on port 35729
""2020-04-09 16-26-28 {restartedMain} %PARSER_ERROR[Level] o.s.b.a.o.j.JpaBaseConfiguration$JpaWebConfiguration - spring.jpa.open-in-view is enabled by default. Therefore, database queries may be performed during view rendering. Explicitly configure spring.jpa.open-in-view to disable this warning
""2020-04-09 16-26-28 {restartedMain} %PARSER_ERROR[Level] o.s.b.a.e.web.EndpointLinksResolver - Exposing 2 endpoint(s) beneath base path '/actuator'
""2020-04-09 16-26-28 {restartedMain} %PARSER_ERROR[Level] o.s.s.c.ThreadPoolTaskExecutor - Initializing ExecutorService 'applicationTaskExecutor'
""2020-04-09 16-26-28 {restartedMain} %PARSER_ERROR[Level] s.d.s.w.p.DocumentationPluginsBootstrapper - Context refreshed
""2020-04-09 16-26-28 {restartedMain} %PARSER_ERROR[Level] s.d.s.w.p.DocumentationPluginsBootstrapper - Found 1 custom documentation plugin(s)
""2020-04-09 16-26-28 {restartedMain} %PARSER_ERROR[Level] s.d.s.w.s.ApiListingReferenceScanner - Scanning for api listing references
""2020-04-09 16-26-29 {restartedMain} %PARSER_ERROR[Level] o.s.b.w.e.tomcat.TomcatWebServer - Tomcat started on port(s): 8080 (http) with context path ''
""2020-04-09 16-26-29 {restartedMain} %PARSER_ERROR[Level] com.example.demo.DemoApplication - Started DemoApplication in 8.311 seconds (JVM running for 10.277)
""2020-04-09 16-26-30 {RMI TCP Connection(2)-192.168.1.39} %PARSER_ERROR[Level] o.a.c.c.C.[Tomcat].[localhost].[/] - Initializing Spring DispatcherServlet 'dispatcherServlet'
""2020-04-09 16-34-22 {restartedMain} %PARSER_ERROR[Level] com.example.demo.DemoApplication - Starting DemoApplication on DESKTOP-0SKG4BP with PID 868 (C:\Users\EBRU\Desktop\restservicewithlog\target\classes started by EBRU in C:\Users\EBRU\Desktop\restservicewithlog)
""2020-04-09 16-34-22 {restartedMain} %PARSER_ERROR[Level] com.example.demo.DemoApplication - No active profile set, falling back to default profiles: default
""2020-04-09 16-34-22 {restartedMain} %PARSER_ERROR[Level] o.s.b.d.restart.ChangeableUrls - The Class-Path manifest attribute in C:\Users\EBRU\.m2\repository\org\glassfish\jaxb\jaxb-runtime\2.3.2\jaxb-runtime-2.3.2.jar referenced one or more files that do not exist: file:/C:/Users/EBRU/.m2/repository/org/glassfish/jaxb/jaxb-runtime/2.3.2/jakarta.xml.bind-api-2.3.2.jar,file:/C:/Users/EBRU/.m2/repository/org/glassfish/jaxb/jaxb-runtime/2.3.2/txw2-2.3.2.jar,file:/C:/Users/EBRU/.m2/repository/org/glassfish/jaxb/jaxb-runtime/2.3.2/istack-commons-runtime-3.0.8.jar,file:/C:/Users/EBRU/.m2/repository/org/glassfish/jaxb/jaxb-runtime/2.3.2/stax-ex-1.8.1.jar,file:/C:/Users/EBRU/.m2/repository/org/glassfish/jaxb/jaxb-runtime/2.3.2/FastInfoset-1.2.16.jar,file:/C:/Users/EBRU/.m2/repository/org/glassfish/jaxb/jaxb-runtime/2.3.2/jakarta.activation-api-1.2.1.jar
""2020-04-09 16-34-22 {restartedMain} %PARSER_ERROR[Level] o.s.b.d.e.DevToolsPropertyDefaultsPostProcessor - Devtools property defaults active! Set 'spring.devtools.add-properties' to 'false' to disable
""2020-04-09 16-34-22 {restartedMain} %PARSER_ERROR[Level] o.s.b.d.e.DevToolsPropertyDefaultsPostProcessor - For additional web related logging consider setting the 'logging.level.web' property to 'DEBUG'
""2020-04-09 16-34-24 {restartedMain} %PARSER_ERROR[Level] o.s.d.r.c.RepositoryConfigurationDelegate - Bootstrapping Spring Data JPA repositories in DEFAULT mode.
""2020-04-09 16-34-24 {restartedMain} %PARSER_ERROR[Level] o.s.d.r.c.RepositoryConfigurationDelegate - Finished Spring Data repository scanning in 77ms. Found 1 JPA repository interfaces.
""2020-04-09 16-34-25 {restartedMain} %PARSER_ERROR[Level] o.s.b.w.e.tomcat.TomcatWebServer - Tomcat initialized with port(s): 8080 (http)
""2020-04-09 16-34-25 {restartedMain} %PARSER_ERROR[Level] o.a.catalina.core.StandardService - Starting service [Tomcat]
""2020-04-09 16-34-25 {restartedMain} %PARSER_ERROR[Level] o.a.catalina.core.StandardEngine - Starting Servlet engine: [Apache Tomcat/9.0.33]
""2020-04-09 16-34-26 {restartedMain} %PARSER_ERROR[Level] o.a.c.c.C.[Tomcat].[localhost].[/] - Initializing Spring embedded WebApplicationContext
""2020-04-09 16-34-26 {restartedMain} %PARSER_ERROR[Level] o.h.jpa.internal.util.LogHelper - HHH000204: Processing PersistenceUnitInfo [name: default]
""2020-04-09 16-34-27 {restartedMain} %PARSER_ERROR[Level] org.hibernate.Version - HHH000412: Hibernate ORM core version 5.4.12.Final
""2020-04-09 16-34-27 {restartedMain} %PARSER_ERROR[Level] o.h.annotations.common.Version - HCANN000001: Hibernate Commons Annotations {5.1.0.Final}
""2020-04-09 16-34-27 {restartedMain} %PARSER_ERROR[Level] com.zaxxer.hikari.HikariDataSource - HikariPool-1 - Starting...
""2020-04-09 16-34-28 {restartedMain} %PARSER_ERROR[Level] com.zaxxer.hikari.HikariDataSource - HikariPool-1 - Start completed.
""2020-04-09 16-34-28 {restartedMain} %PARSER_ERROR[Level] org.hibernate.dialect.Dialect - HHH000400: Using dialect: org.hibernate.dialect.MySQL8Dialect
""2020-04-09 16-34-30 {restartedMain} %PARSER_ERROR[Level] o.h.e.t.j.p.i.JtaPlatformInitiator - HHH000490: Using JtaPlatform implementation: [org.hibernate.engine.transaction.jta.platform.internal.NoJtaPlatform]
""2020-04-09 16-34-30 {restartedMain} %PARSER_ERROR[Level] o.s.o.j.LocalContainerEntityManagerFactoryBean - Initialized JPA EntityManagerFactory for persistence unit 'default'
""2020-04-09 16-34-30 {restartedMain} %PARSER_ERROR[Level] o.s.b.d.a.OptionalLiveReloadServer - LiveReload server is running on port 35729
""2020-04-09 16-34-30 {restartedMain} %PARSER_ERROR[Level] o.s.b.a.o.j.JpaBaseConfiguration$JpaWebConfiguration - spring.jpa.open-in-view is enabled by default. Therefore, database queries may be performed during view rendering. Explicitly configure spring.jpa.open-in-view to disable this warning
""2020-04-09 16-34-31 {restartedMain} %PARSER_ERROR[Level] o.s.b.a.e.web.EndpointLinksResolver - Exposing 2 endpoint(s) beneath base path '/actuator'
""2020-04-09 16-34-31 {restartedMain} %PARSER_ERROR[Level] o.s.s.c.ThreadPoolTaskExecutor - Initializing ExecutorService 'applicationTaskExecutor'
""2020-04-09 16-34-31 {restartedMain} %PARSER_ERROR[Level] s.d.s.w.p.DocumentationPluginsBootstrapper - Context refreshed
""2020-04-09 16-34-31 {restartedMain} %PARSER_ERROR[Level] s.d.s.w.p.DocumentationPluginsBootstrapper - Found 1 custom documentation plugin(s)
""2020-04-09 16-34-31 {restartedMain} %PARSER_ERROR[Level] s.d.s.w.s.ApiListingReferenceScanner - Scanning for api listing references
""2020-04-09 16-34-32 {restartedMain} %PARSER_ERROR[Level] o.s.b.w.e.tomcat.TomcatWebServer - Tomcat started on port(s): 8080 (http) with context path ''
""2020-04-09 16-34-32 {restartedMain} %PARSER_ERROR[Level] com.example.demo.DemoApplication - Started DemoApplication in 10.447 seconds (JVM running for 12.486)
""2020-04-09 16-34-33 {RMI TCP Connection(1)-192.168.1.39} %PARSER_ERROR[Level] o.a.c.c.C.[Tomcat].[localhost].[/] - Initializing Spring DispatcherServlet 'dispatcherServlet'
"